<?xml version="1.0" encoding="UTF-8"?>
<!-- Generated by org.testng.reporters.JUnitReportReporter -->
<testsuite hostname="PS8967" name="com.pack.base.firsttest" tests="2" failures="0" timestamp="23 Mar 2016 10:56:57 GMT" time="1.433" errors="0">
  <testcase name="test1" time="0.277" classname="com.pack.base.firsttest"/>
  <testcase name="test2" time="1.156" classname="com.pack.base.firsttest"/>
</testsuite> <!-- com.pack.base.firsttest -->
